Businessweek-for-Android-newbranch-20130403/proguard.cfg
-optimizationpasses 5
-dontusemixedcaseclassnames
-dontskipnonpubliclibraryclasses
-dontpreverify
-dontshrink
-verbose
-optimizations !code/simplification/arithmetic,!field/*,!class/merging/*

-dontwarn android.support.v4.**
-dontwarn android.support.v13.**
-dontwarn android.support.v4.**
-dontwarn com.flurry.**
-dontwarn com.parse.**
-dontwarn cn.com.modernmedia.**

-keep public class * extends android.app.Activity
-keep public class * extends android.app.Application
-keep public class * extends android.app.Service
-keep public class * extends android.content.BroadcastReceiver
-keep public class * extends android.content.ContentProvider
-keep public class com.android.vending.licensing.ILicensingService
-keep class android.support.v4.** { *; }
-keep class android.support.v13.** { *; }
-keep class com.flurry.** { *; }
-keep class com.parse.** { *; }
-keep class cn.com.modernmedia.** { *; }
-keep public class * extends android.support.v4.**
-keep public class * extends android.support.v13.**
-keep public class * extends com.flurry.**
-keep public class * extends com.parse.**
-keep public class * extends cn.com.modernmedia.**
-keep public class * extends android.app.Fragment

-keepclasseswithmembernames class * {
native <methods>;
}

-keepclasseswithmembernames class * {
public <init>(android.content.Context, android.util.AttributeSet);
}

-keepclasseswithmembernames class * {
public <init>(android.content.Context, android.util.AttributeSet, int);
}

-keepclassmembers enum * {
public static **[] values();
public static ** valueOf(java.lang.String);
}

-keep class * implements android.os.Parcelable {
public static final android.os.Parcelable$Creator *;
}