Businessweek-for-Android-newbranch-20130403/proguard/seeds.txt
cn.com.modernmedia.businessweek.AboutActivity
cn.com.modernmedia.businessweek.AboutActivity: android.widget.Button back
cn.com.modernmedia.businessweek.AboutActivity: AboutActivity()
cn.com.modernmedia.businessweek.AboutActivity: void onCreate(android.os.Bundle)
cn.com.modernmedia.businessweek.AboutActivity: void reLoadData()
cn.com.modernmedia.businessweek.AboutActivity: void onPause()
cn.com.modernmedia.businessweek.AboutActivity$1
cn.com.modernmedia.businessweek.AboutActivity$1: cn.com.modernmedia.businessweek.AboutActivity this$0
cn.com.modernmedia.businessweek.AboutActivity$1: AboutActivity$1(cn.com.modernmedia.businessweek.AboutActivity)
cn.com.modernmedia.businessweek.AboutActivity$1: void onClick(android.view.View)
cn.com.modernmedia.businessweek.AdvActivity
cn.com.modernmedia.businessweek.AdvActivity: AdvActivity()
cn.com.modernmedia.businessweek.AdvActivity: void gotoMainActivity()
cn.com.modernmedia.businessweek.AdvActivity: void reLoadData()
cn.com.modernmedia.businessweek.AdvActivity$1
cn.com.modernmedia.businessweek.AdvActivity$1: cn.com.modernmedia.businessweek.AdvActivity this$0
cn.com.modernmedia.businessweek.AdvActivity$1: AdvActivity$1(cn.com.modernmedia.businessweek.AdvActivity)
cn.com.modernmedia.businessweek.AdvActivity$1: void run()
cn.com.modernmedia.businessweek.ArticleActivity
cn.com.modernmedia.businessweek.ArticleActivity: android.widget.Button backBtn
cn.com.modernmedia.businessweek.ArticleActivity: android.widget.Button favBtn
cn.com.modernmedia.businessweek.ArticleActivity: android.widget.Button fontBtn
cn.com.modernmedia.businessweek.ArticleActivity: android.widget.Button shareBtn
cn.com.modernmedia.businessweek.ArticleActivity: cn.com.modernmedia.widget.CommonViewPager viewPager
cn.com.modernmedia.businessweek.ArticleActivity: ArticleActivity()
cn.com.modernmedia.businessweek.ArticleActivity: void init()
cn.com.modernmedia.businessweek.ArticleActivity: cn.com.modernmedia.widget.CommonViewPager getViewPager()
cn.com.modernmedia.businessweek.ArticleActivity: void changeFavBtn(boolean)
cn.com.modernmedia.businessweek.ArticleActivity: void hideFont(boolean)
cn.com.modernmedia.businessweek.ArticleActivity: android.view.View fetchView(cn.com.modernmedia.model.ArticleList$ArticleDetail)
cn.com.modernmedia.businessweek.ArticleActivity: cn.com.modernmedia.widget.AtlasViewPager getAtlasViewPager(java.lang.Object)
cn.com.modernmedia.businessweek.ArticleActivity: void onClick(android.view.View)
cn.com.modernmedia.businessweek.BuildConfig
cn.com.modernmedia.businessweek.BuildConfig: boolean DEBUG
cn.com.modernmedia.businessweek.BuildConfig: BuildConfig()
...
android.support.v4.view.PagerTitleStrip$PageListener
android.support.v4.view.PagerTitleStrip$PageListener: int mScrollState
android.support.v4.view.PagerTitleStrip$PageListener: android.support.v4.view.PagerTitleStrip this$0
android.support.v4.view.PagerTitleStrip$PageListener: PagerTitleStrip$PageListener(android.support.v4.view.PagerTitleStrip)
android.support.v4.view.PagerTitleStrip$PageListener: void onPageScrolled(int,float,int)
android.support.v4.view.PagerTitleStrip$PageListener: void onPageSelected(int)
android.support.v4.view.PagerTitleStrip$PageListener: void onPageScrollStateChanged(int)
android.support.v4.view.PagerTitleStrip$PageListener: void onAdapterChanged(android.support.v4.view.PagerAdapter,android.support.v4.view.PagerAdapter)
android.support.v4.view.PagerTitleStrip$PageListener: void onChanged()
android.support.v4.view.PagerTitleStrip$PageListener: PagerTitleStrip$PageListener(android.support.v4.view.PagerTitleStrip,android.support.v4.view.PagerTitleStrip$1)
android.support.v4.view.PagerTitleStrip$PagerTitleStripImpl
android.support.v4.view.PagerTitleStrip$PagerTitleStripImpl: void setSingleLineAllCaps(android.widget.TextView)
android.support.v4.view.PagerTitleStrip$PagerTitleStripImplBase
android.support.v4.view.PagerTitleStrip$PagerTitleStripImplBase: PagerTitleStrip$PagerTitleStripImplBase()
android.support.v4.view.PagerTitleStrip$PagerTitleStripImplBase: void setSingleLineAllCaps(android.widget.TextView)
android.support.v4.view.PagerTitleStrip$PagerTitleStripImplIcs
android.support.v4.view.PagerTitleStrip$PagerTitleStripImplIcs: PagerTitleStrip$PagerTitleStripImplIcs()
android.support.v4.view.PagerTitleStrip$PagerTitleStripImplIcs: void setSingleLineAllCaps(android.widget.TextView)
android.support.v4.view.PagerTitleStripIcs
android.support.v4.view.PagerTitleStripIcs: PagerTitleStripIcs()
android.support.v4.view.PagerTitleStripIcs: void setSingleLineAllCaps(android.widget.TextView)
android.support.v4.view.PagerTitleStripIcs$SingleLineAllCapsTransform
android.support.v4.view.PagerTitleStripIcs$SingleLineAllCapsTransform: java.lang.String TAG
android.support.v4.view.PagerTitleStripIcs$SingleLineAllCapsTransform: java.util.Locale mLocale
android.support.v4.view.PagerTitleStripIcs$SingleLineAllCapsTransform: PagerTitleStripIcs$SingleLineAllCapsTransform(android.content.Context)
android.support.v4.view.PagerTitleStripIcs$SingleLineAllCapsTransform: java.lang.CharSequence getTransformation(java.lang.CharSequence,android.view.View)
android.support.v4.view.VelocityTrackerCompat
android.support.v4.view.VelocityTrackerCompat: android.support.v4.view.VelocityTrackerCompat$VelocityTrackerVersionImpl IMPL
android.support.v4.view.VelocityTrackerCompat: VelocityTrackerCompat()
android.support.v4.view.VelocityTrackerCompat: float getXVelocity(android.view.VelocityTracker,int)
android.support.v4.view.VelocityTrackerCompat: float getYVelocity(android.view.VelocityTracker,int)
android.support.v4.view.VelocityTrackerCompat: void <clinit>()
android.support.v4.view.VelocityTrackerCompat$BaseVelocityTrackerVersionImpl
android.support.v4.view.VelocityTrackerCompat$BaseVelocityTrackerVersionImpl: VelocityTrackerCompat$BaseVelocityTrackerVersionImpl()
android.support.v4.view.VelocityTrackerCompat$BaseVelocityTrackerVersionImpl: float getXVelocity(android.view.VelocityTracker,int)
android.support.v4.view.VelocityTrackerCompat$BaseVelocityTrackerVersionImpl: float getYVelocity(android.view.VelocityTracker,int)