Businessweek-for-Android-newbranch-20130403/proguard/mapping.txt
cn.com.modernmedia.businessweek.AboutActivity -> cn.com.modernmedia.businessweek.AboutActivity:
    android.widget.Button back -> back
    void onCreate(android.os.Bundle) -> onCreate
    void reLoadData() -> reLoadData
    void onPause() -> onPause
cn.com.modernmedia.businessweek.AboutActivity$1 -> cn.com.modernmedia.businessweek.AboutActivity$1:
    cn.com.modernmedia.businessweek.AboutActivity this$0 -> this$0
    void onClick(android.view.View) -> onClick
cn.com.modernmedia.businessweek.AdvActivity -> cn.com.modernmedia.businessweek.AdvActivity:
    void gotoMainActivity() -> gotoMainActivity
    void reLoadData() -> reLoadData
cn.com.modernmedia.businessweek.AdvActivity$1 -> cn.com.modernmedia.businessweek.AdvActivity$1:
    cn.com.modernmedia.businessweek.AdvActivity this$0 -> this$0
    void run() -> run
cn.com.modernmedia.businessweek.ArticleActivity -> cn.com.modernmedia.businessweek.ArticleActivity:
    android.widget.Button backBtn -> backBtn
    android.widget.Button favBtn -> favBtn
    android.widget.Button fontBtn -> fontBtn
    android.widget.Button shareBtn -> shareBtn
    cn.com.modernmedia.widget.CommonViewPager viewPager -> viewPager
    void init() -> init
    cn.com.modernmedia.widget.CommonViewPager getViewPager() -> getViewPager
    void changeFavBtn(boolean) -> changeFavBtn
    void hideFont(boolean) -> hideFont
    android.view.View fetchView(cn.com.modernmedia.model.ArticleList$ArticleDetail) -> fetchView
    cn.com.modernmedia.widget.AtlasViewPager getAtlasViewPager(java.lang.Object) -> getAtlasViewPager
    void onClick(android.view.View) -> onClick
cn.com.modernmedia.businessweek.BuildConfig -> cn.com.modernmedia.businessweek.BuildConfig:
    boolean DEBUG -> DEBUG
cn.com.modernmedia.businessweek.MainActivity -> cn.com.modernmedia.businessweek.MainActivity:
    cn.com.modernmedia.businessweek.widget.ColumnView columnView -> columnView
    cn.com.modernmedia.widget.MainHorizontalScrollView scrollView -> scrollView
    android.widget.Button columnButton -> columnButton
    android.widget.Button favButton -> favButton
    cn.com.modernmedia.businessweek.widget.IndexView indexView -> indexView
    cn.com.modernmedia.businessweek.widget.FavView favView -> favView
    void onCreate(android.os.Bundle) -> onCreate
    void init() -> init
    void setDataForColumn(cn.com.modernmedia.model.Entry) -> setDataForColumn
    void setDataForIndex(cn.com.modernmedia.model.Entry) -> setDataForIndex
    cn.com.modernmedia.widget.MainHorizontalScrollView getScrollView() -> getScrollView
    void gotoArticleActivity(int,boolean) -> gotoArticleActivity
    void indexShowLoading(int) -> indexShowLoading
    void setIndexTitle(java.lang.String) -> setIndexTitle
    void notifyRead() -> notifyRead
    cn.com.modernmedia.businessweek.widget.IndexView access$0(cn.com.modernmedia.businessweek.MainActivity) -> access$0
    cn.com.modernmedia.widget.MainHorizontalScrollView access$1(cn.com.modernmedia.businessweek.MainActivity) -> access$1
cn.com.modernmedia.businessweek.MainActivity$1 -> cn.com.modernmedia.businessweek.MainActivity$1:
    cn.com.modernmedia.businessweek.MainActivity this$0 -> this$0
    void isShowIndex(boolean) -> isShowIndex
cn.com.modernmedia.businessweek.MainActivity$2 -> cn.com.modernmedia.businessweek.MainActivity$2:
    cn.com.modernmedia.businessweek.MainActivity this$0 -> this$0
    void onClick(android.view.View) -> onClick
cn.com.modernmedia.businessweek.MainActivity$3 -> cn.com.modernmedia.businessweek.MainActivity$3:
    cn.com.modernmedia.businessweek.MainActivity this$0 -> this$0
    void onClick(android.view.View) -> onClick
cn.com.modernmedia.businessweek.MyApplication -> cn.com.modernmedia.businessweek.MyApplication:
    int APPID -> APPID
    int DEBUG -> DEBUG
    void onCreate() -> onCreate
    void onTerminate() -> onTerminate
cn.com.modernmedia.businessweek.R -> cn.com.modernmedia.businessweek.R:
...
android.support.v4.app.FragmentTabHost$SavedState$1 -> android.support.v4.app.FragmentTabHost$SavedState$1:
    android.support.v4.app.FragmentTabHost$SavedState createFromParcel(android.os.Parcel) -> createFromParcel
    android.support.v4.app.FragmentTabHost$SavedState[] newArray(int) -> newArray
    java.lang.Object[] newArray(int) -> newArray
    java.lang.Object createFromParcel(android.os.Parcel) -> createFromParcel
android.support.v4.app.FragmentTabHost$TabInfo -> android.support.v4.app.FragmentTabHost$TabInfo:
    java.lang.String tag -> tag
    java.lang.Class clss -> clss
    android.os.Bundle args -> args
    android.support.v4.app.Fragment fragment -> fragment
    android.support.v4.app.Fragment access$102(android.support.v4.app.FragmentTabHost$TabInfo,android.support.v4.app.Fragment) -> access$102
    android.support.v4.app.Fragment access$100(android.support.v4.app.FragmentTabHost$TabInfo) -> access$100
    java.lang.String access$200(android.support.v4.app.FragmentTabHost$TabInfo) -> access$200
    java.lang.Class access$300(android.support.v4.app.FragmentTabHost$TabInfo) -> access$300
    android.os.Bundle access$400(android.support.v4.app.FragmentTabHost$TabInfo) -> access$400
android.support.v4.app.FragmentTransaction -> android.support.v4.app.FragmentTransaction:
    int TRANSIT_ENTER_MASK -> TRANSIT_ENTER_MASK
    int TRANSIT_EXIT_MASK -> TRANSIT_EXIT_MASK
    int TRANSIT_UNSET -> TRANSIT_UNSET
    int TRANSIT_NONE -> TRANSIT_NONE
    int TRANSIT_FRAGMENT_OPEN -> TRANSIT_FRAGMENT_OPEN
    int TRANSIT_FRAGMENT_CLOSE -> TRANSIT_FRAGMENT_CLOSE
    int TRANSIT_FRAGMENT_FADE -> TRANSIT_FRAGMENT_FADE
    android.support.v4.app.FragmentTransaction add(android.support.v4.app.Fragment,java.lang.String) -> add
    android.support.v4.app.FragmentTransaction add(int,android.support.v4.app.Fragment) -> add
    android.support.v4.app.FragmentTransaction add(int,android.support.v4.app.Fragment,java.lang.String) -> add
    android.support.v4.app.FragmentTransaction replace(int,android.support.v4.app.Fragment) -> replace
    android.support.v4.app.FragmentTransaction replace(int,android.support.v4.app.Fragment,java.lang.String) -> replace
    android.support.v4.app.FragmentTransaction remove(android.support.v4.app.Fragment) -> remove
    android.support.v4.app.FragmentTransaction hide(android.support.v4.app.Fragment) -> hide
    android.support.v4.app.FragmentTransaction show(android.support.v4.app.Fragment) -> show
    android.support.v4.app.FragmentTransaction detach(android.support.v4.app.Fragment) -> detach
    android.support.v4.app.FragmentTransaction attach(android.support.v4.app.Fragment) -> attach
    boolean isEmpty() -> isEmpty