Businessweek-for-Android-newbranch-20130403/proguard/usage.txt
android.annotation.SuppressLint
android.annotation.TargetApi